nohup: ignoring input
------------------------------------------------------------
learning rate: 0.0001
gamma:2000 1
Experiment: exp_dncnn
device: cuda:0
gray: False
mask ratio: 0.3
num epochs: 150000
files: ['image_Peppers512rgb.png', 'kodim03.png', 'kodim12.png', 'kodim01.png', 'image_House256rgb.png', 'image_Baboon512rgb.png', 'image_F16_512rgb.png', 'kodim02.png', 'image_Lena512rgb.png']
------------------------------------------------------------
         noise level: 75
------------------------------------------------------------
Exception ignored in: <module 'threading' from '/home/qlguo/miniconda3/envs/Pytorch/lib/python3.8/threading.py'>
Traceback (most recent call last):
  File "/home/qlguo/miniconda3/envs/Pytorch/lib/python3.8/threading.py", line 1355, in _shutdown
    def _shutdown():
  File "/home/qlguo/oqe/model/test_dncnn.py", line 197, in signal_handler
    sys.exit(0)
SystemExit: 0
[W CudaIPCTypes.cpp:16] Producer process has been terminated before all shared CUDA tensors released. See Note [Sharing CUDA tensors]
[W CudaIPCTypes.cpp:16] Producer process has been terminated before all shared CUDA tensors released. See Note [Sharing CUDA tensors]
[W CudaIPCTypes.cpp:16] Producer process has been terminated before all shared CUDA tensors released. See Note [Sharing CUDA tensors]
[W CudaIPCTypes.cpp:16] Producer process has been terminated before all shared CUDA tensors released. See Note [Sharing CUDA tensors]
Average PSNR: tensor(27.5914, device='cuda:0')
Average SSIM: tensor(0.7395, device='cuda:0')
------------------------------------------------------------
         noise level: 100
------------------------------------------------------------
Exception ignored in: <module 'threading' from '/home/qlguo/miniconda3/envs/Pytorch/lib/python3.8/threading.py'>
Traceback (most recent call last):
  File "/home/qlguo/miniconda3/envs/Pytorch/lib/python3.8/threading.py", line 1355, in _shutdown
    def _shutdown():
  File "/home/qlguo/oqe/model/test_dncnn.py", line 197, in signal_handler
    sys.exit(0)
SystemExit: 0
[W CudaIPCTypes.cpp:16] Producer process has been terminated before all shared CUDA tensors released. See Note [Sharing CUDA tensors]
[W CudaIPCTypes.cpp:16] Producer process has been terminated before all shared CUDA tensors released. See Note [Sharing CUDA tensors]
[W CudaIPCTypes.cpp:16] Producer process has been terminated before all shared CUDA tensors released. See Note [Sharing CUDA tensors]
[W CudaIPCTypes.cpp:16] Producer process has been terminated before all shared CUDA tensors released. See Note [Sharing CUDA tensors]
Average PSNR: tensor(26.5328, device='cuda:0')
Average SSIM: tensor(0.7051, device='cuda:0')
------------------------------------------------------------
