nohup: ignoring input
------------------------------------------------------------
learning rate: 0.0001
gamma:2000 1
Experiment: exp_dncnn
device: cuda:2
gray: False
mask ratio: 0.3
num epochs: 150000
files: ['image_Lena512rgb.png', 'image_F16_512rgb.png', 'kodim02.png', 'image_House256rgb.png', 'image_Baboon512rgb.png', 'kodim01.png', 'image_Peppers512rgb.png', 'kodim03.png', 'kodim12.png']
------------------------------------------------------------
         noise level: 25
------------------------------------------------------------
[W CudaIPCTypes.cpp:15] Producer process has been terminated before all shared CUDA tensors released. See Note [Sharing CUDA tensors]
[W CudaIPCTypes.cpp:15] Producer process has been terminated before all shared CUDA tensors released. See Note [Sharing CUDA tensors]
[W CudaIPCTypes.cpp:15] Producer process has been terminated before all shared CUDA tensors released. See Note [Sharing CUDA tensors]
Average PSNR: tensor(31.6589, device='cuda:2')
Average SSIM: tensor(0.8501, device='cuda:2')
------------------------------------------------------------
         noise level: 50
------------------------------------------------------------
